#
# There is insufficient memory for the Java Runtime Environment to continue.
# Native memory allocation (malloc) failed to allocate 411056 bytes for Chunk::new
# Possible reasons:
#   The system is out of physical RAM or swap space
#   In 32 bit mode, the process size limit was hit
# Possible solutions:
#   Reduce memory load on the system
#   Increase physical memory or swap space
#   Check if swap backing store is full
#   Use 64 bit Java on a 64 bit OS
#   Decrease Java heap size (-Xmx/-Xms)
#   Decrease number of Java threads
#   Decrease Java thread stack sizes (-Xss)
#   Set larger code cache with -XX:ReservedCodeCacheSize=
# This output file may be truncated or incomplete.
#
#  Out of Memory Error (allocation.cpp:390), pid=75344, tid=0x000000000000f8b8
#
# JRE version: Java(TM) SE Runtime Environment (8.0_121-b13) (build 1.8.0_121-b13)
# Java VM: Java HotSpot(TM) 64-Bit Server VM (25.121-b13 mixed mode windows-amd64 compressed oops)
# Failed to write core dump. Minidumps are not enabled by default on client versions of Windows
#

---------------  T H R E A D  ---------------

Current thread (0x00000000125b8000):  JavaThread "C2 CompilerThread0" daemon [_thread_in_native, id=63672, stack(0x00000000130d0000,0x00000000131d0000)]

Stack: [0x00000000130d0000,0x00000000131d0000]
[error occurred during error reporting (printing stack bounds), id 0xc0000005]

Native frames: (J=compiled Java code, j=interpreted, Vv=VM code, C=native code)


Current CompileTask:
C2:   2782  539       4       java.io.WinNTFileSystem::normalize (143 bytes)


---------------  P R O C E S S  ---------------

Java Threads: ( => current thread )
  0x0000000013d87000 JavaThread "ReaderThread" [_thread_in_native, id=71712, stack(0x00000000146f0000,0x00000000147f0000)]
  0x0000000012617800 JavaThread "Service Thread" daemon [_thread_blocked, id=80580, stack(0x0000000013440000,0x0000000013540000)]
  0x0000000012614000 JavaThread "C1 CompilerThread1" daemon [_thread_blocked, id=73796, stack(0x0000000013250000,0x0000000013350000)]
=>0x00000000125b8000 JavaThread "C2 CompilerThread0" daemon [_thread_in_native, id=63672, stack(0x00000000130d0000,0x00000000131d0000)]
  0x00000000125b7000 JavaThread "Attach Listener" daemon [_thread_blocked, id=76172, stack(0x0000000012ef0000,0x0000000012ff0000)]
  0x00000000125bb800 JavaThread "Signal Dispatcher" daemon [_thread_blocked, id=59000, stack(0x0000000012cb0000,0x0000000012db0000)]
  0x000000001259b000 JavaThread "Finalizer" daemon [_thread_blocked, id=75192, stack(0x0000000012b50000,0x0000000012c50000)]
  0x000000000221e800 JavaThread "Reference Handler" daemon [_thread_blocked, id=65680, stack(0x0000000012a10000,0x0000000012b10000)]
  0x0000000002132000 JavaThread "main" [_thread_in_vm, id=60056, stack(0x00000000022b0000,0x00000000023b0000)]

Other Threads:
  0x0000000002215800 VMThread [stack: 0x0000000012880000,0x0000000012980000] [id=67880]
  0x0000000012630800 WatcherThread [stack: 0x0000000013560000,0x0000000013660000] [id=71836]

VM state:not at safepoint (normal execution)

VM Mutex/Monitor currently owned by a thread: None

Heap:
 def new generation   total 29504K, used 12113K [0x00000000a0000000, 0x00000000a2000000, 0x00000000c0000000)
  eden space 26240K,  46% used [0x00000000a0000000, 0x00000000a0bd4580, 0x00000000a19a0000)
  from space 3264K,   0% used [0x00000000a19a0000, 0x00000000a19a0000, 0x00000000a1cd0000)
  to   space 3264K,   0% used [0x00000000a1cd0000, 0x00000000a1cd0000, 0x00000000a2000000)
 tenured generation   total 65536K, used 0K [0x00000000c0000000, 0x00000000c4000000, 0x0000000100000000)
   the space 65536K,   0% used [0x00000000c0000000, 0x00000000c0000000, 0x00000000c0000200, 0x00000000c4000000)
 Metaspace       used 7302K, capacity 7410K, committed 7680K, reserved 1056768K
  class space    used 862K, capacity 913K, committed 1024K, reserved 1048576K

Card table byte_map: [0x0000000011770000,0x0000000011a80000] byte_map_base: 0x0000000011270000

Polling page: 0x0000000001d00000

CodeCache: size=245760Kb used=2422Kb max_used=2436Kb free=243337Kb
 bounds [0x00000000023b0000, 0x0000000002620000, 0x00000000113b0000]
 total_blobs=840 nmethods=538 adapters=216
 compilation: enabled

Compilation events (10 events):
Event: 2.643 Thread 0x0000000012614000 nmethod 534 0x0000000002606690 code [0x0000000002606800, 0x0000000002606b30]
Event: 2.643 Thread 0x0000000012614000  535   !   3       java.util.zip.ZipFile::releaseInflater (41 bytes)
Event: 2.644 Thread 0x0000000012614000 nmethod 535 0x0000000002609c10 code [0x0000000002609dc0, 0x000000000260a4b0]
Event: 2.644 Thread 0x00000000125b8000  536  s!   4       sun.misc.URLClassPath::getLoader (243 bytes)
Event: 2.693 Thread 0x00000000125b8000 nmethod 536 0x000000000260ee10 code [0x000000000260f080, 0x0000000002610a50]
Event: 2.694 Thread 0x00000000125b8000  537  s    4       sun.misc.URLClassPath::getNextLoader (88 bytes)
Event: 2.696 Thread 0x00000000125b8000 nmethod 537 0x000000000260b950 code [0x000000000260baa0, 0x000000000260bdc8]
Event: 2.697 Thread 0x0000000012614000  538       3       java.util.ArrayDeque::addLast (53 bytes)
Event: 2.698 Thread 0x0000000012614000 nmethod 538 0x000000000260b250 code [0x000000000260b3e0, 0x000000000260b7d0]
Event: 2.699 Thread 0x00000000125b8000  539       4       java.io.WinNTFileSystem::normalize (143 bytes)

GC Heap History (0 events):
No events

Deoptimization events (3 events):
Event: 0.447 Thread 0x0000000002132000 Uncommon trap: reason=unstable_if action=reinterpret pc=0x00000000024c8a78 method=java.lang.String.hashCode()I @ 14
Event: 0.797 Thread 0x0000000002132000 Uncommon trap: reason=unstable_if action=reinterpret pc=0x000000000252eed4 method=java.lang.String.indexOf([CII[CIII)I @ 134
Event: 2.073 Thread 0x0000000002132000 Uncommon trap: reason=unstable_if action=reinterpret pc=0x0000000002568578 method=java.lang.String.indexOf([CII[CIII)I @ 3

Internal exceptions (10 events):
Event: 1.625 Thread 0x0000000002132000 Exception <a 'java/security/PrivilegedActionException'> (0x00000000a04544f8) thrown at [C:\re\workspace\8-2-build-windows-amd64-cygwin\jdk8u121\8372\hotspot\src\share\vm\prims\jvm.cpp, line 1390]
Event: 1.625 Thread 0x0000000002132000 Exception <a 'java/security/PrivilegedActionException'> (0x00000000a0454708) thrown at [C:\re\workspace\8-2-build-windows-amd64-cygwin\jdk8u121\8372\hotspot\src\share\vm\prims\jvm.cpp, line 1390]
Event: 1.633 Thread 0x0000000002132000 Exception <a 'java/security/PrivilegedActionException'> (0x00000000a0460a68) thrown at [C:\re\workspace\8-2-build-windows-amd64-cygwin\jdk8u121\8372\hotspot\src\share\vm\prims\jvm.cpp, line 1390]
Event: 1.633 Thread 0x0000000002132000 Exception <a 'java/security/PrivilegedActionException'> (0x00000000a0460c78) thrown at [C:\re\workspace\8-2-build-windows-amd64-cygwin\jdk8u121\8372\hotspot\src\share\vm\prims\jvm.cpp, line 1390]
Event: 1.633 Thread 0x0000000002132000 Exception <a 'java/security/PrivilegedActionException'> (0x00000000a0461be0) thrown at [C:\re\workspace\8-2-build-windows-amd64-cygwin\jdk8u121\8372\hotspot\src\share\vm\prims\jvm.cpp, line 1390]
Event: 1.633 Thread 0x0000000002132000 Exception <a 'java/security/PrivilegedActionException'> (0x00000000a0461df0) thrown at [C:\re\workspace\8-2-build-windows-amd64-cygwin\jdk8u121\8372\hotspot\src\share\vm\prims\jvm.cpp, line 1390]
Event: 1.633 Thread 0x0000000002132000 Exception <a 'java/security/PrivilegedActionException'> (0x00000000a0462d90) thrown at [C:\re\workspace\8-2-build-windows-amd64-cygwin\jdk8u121\8372\hotspot\src\share\vm\prims\jvm.cpp, line 1390]
Event: 1.633 Thread 0x0000000002132000 Exception <a 'java/security/PrivilegedActionException'> (0x00000000a0462fa0) thrown at [C:\re\workspace\8-2-build-windows-amd64-cygwin\jdk8u121\8372\hotspot\src\share\vm\prims\jvm.cpp, line 1390]
Event: 2.394 Thread 0x0000000002132000 Exception <a 'java/lang/ArrayIndexOutOfBoundsException'> (0x00000000a0943cc0) thrown at [C:\re\workspace\8-2-build-windows-amd64-cygwin\jdk8u121\8372\hotspot\src\share\vm\runtime\sharedRuntime.cpp, line 605]
Event: 2.394 Thread 0x0000000002132000 Exception <a 'java/lang/ArrayIndexOutOfBoundsException'> (0x00000000a0944968) thrown at [C:\re\workspace\8-2-build-windows-amd64-cygwin\jdk8u121\8372\hotspot\src\share\vm\runtime\sharedRuntime.cpp, line 605]

Events (10 events):
Event: 2.643 loading class org/testng/SuiteRunState
Event: 2.643 loading class org/testng/SuiteRunState done
Event: 2.644 loading class org/testng/internal/Attributes
Event: 2.644 loading class org/testng/internal/Attributes done
Event: 2.697 loading class org/testng/SuiteRunner$ProxyTestRunnerFactory
Event: 2.697 loading class org/testng/SuiteRunner$ProxyTestRunnerFactory done
Event: 2.698 loading class org/testng/SuiteRunner$1
Event: 2.698 loading class org/testng/SuiteRunner$1 done
Event: 2.699 loading class org/testng/TestRunner
Event: 2.699 loading class org/testng/TestRunner done


Dynamic libraries:
0x000000013ffb0000 - 0x000000013ffe7000 	C:\Program Files\Java\jre1.8.0_121\bin\javaw.exe
0x0000000077bc0000 - 0x0000000077d6a000 	C:\Windows\SYSTEM32\ntdll.dll
0x0000000077aa0000 - 0x0000000077bbf000 	C:\Windows\system32\kernel32.dll
0x000007fefdbf0000 - 0x000007fefdc5a000 	C:\Windows\system32\KERNELBASE.dll
0x000007feffd70000 - 0x000007feffe4b000 	C:\Windows\system32\ADVAPI32.dll
0x000007fefebd0000 - 0x000007fefec6f000 	C:\Windows\system32\msvcrt.dll
0x000007feff400000 - 0x000007feff41f000 	C:\Windows\SYSTEM32\sechost.dll
0x000007feff420000 - 0x000007feff54d000 	C:\Windows\system32\RPCRT4.dll
0x00000000779a0000 - 0x0000000077a9a000 	C:\Windows\system32\USER32.dll
0x000007fefef40000 - 0x000007fefefa7000 	C:\Windows\system32\GDI32.dll
0x000007feff900000 - 0x000007feff90e000 	C:\Windows\system32\LPK.dll
0x000007feffb10000 - 0x000007feffbda000 	C:\Windows\system32\USP10.dll
0x000007fefbe50000 - 0x000007fefc044000 	C:\Windows\WinSxS\amd64_microsoft.windows.common-controls_6595b64144ccf1df_6.0.7601.18837_none_fa3b1e3d17594757\COMCTL32.dll
0x000007feffe50000 - 0x000007feffec1000 	C:\Windows\system32\SHLWAPI.dll
0x000007fefeba0000 - 0x000007fefebce000 	C:\Windows\system32\IMM32.DLL
0x000007feff020000 - 0x000007feff129000 	C:\Windows\system32\MSCTF.dll
0x0000000075590000 - 0x000000007562b000 	C:\Windows\system32\lsihok64.dll
0x000007fefd7c0000 - 0x000007fefd81c000 	C:\PROGRA~1\Citrix\System32\MFAPHOOK64.DLL
0x000007fefd6e0000 - 0x000007fefd712000 	C:\Program Files\Citrix\ICAService\picaFullScreenHookX64.dll
0x000007fefcff0000 - 0x000007fefd026000 	C:\Program Files\Citrix\ICAService\ShellHook64.dll
0x000007feff910000 - 0x000007feffb0c000 	C:\Windows\system32\ole32.dll
0x000007fefde10000 - 0x000007fefeb99000 	C:\Windows\system32\SHELL32.dll
0x000007fefd560000 - 0x000007fefd6d8000 	C:\Program Files\Citrix\ICAService\SCardHook64.dll
0x000007fefd530000 - 0x000007fefd55a000 	C:\Program Files\Citrix\ICAService\cxinjime64.dll
0x000007fefd4e0000 - 0x000007fefd52d000 	C:\Program Files\Citrix\ICAService\PicaWtsHook64.dll
0x0000000079260000 - 0x0000000079332000 	C:\Program Files\Java\jre1.8.0_121\bin\msvcr100.dll
0x000000006f980000 - 0x000000007021b000 	C:\Program Files\Java\jre1.8.0_121\bin\server\jvm.dll
0x000007fef0c10000 - 0x000007fef0c19000 	C:\Windows\system32\WSOCK32.dll
0x000007fefefd0000 - 0x000007feff01d000 	C:\Windows\system32\WS2_32.dll
0x000007feff210000 - 0x000007feff218000 	C:\Windows\system32\NSI.dll
0x000007fefc270000 - 0x000007fefc2ab000 	C:\Windows\system32\WINMM.dll
0x000007fefd4b0000 - 0x000007fefd4bc000 	C:\Windows\system32\VERSION.dll
0x0000000077d90000 - 0x0000000077d97000 	C:\Windows\system32\PSAPI.DLL
0x0000000075380000 - 0x000000007538f000 	C:\Program Files\Java\jre1.8.0_121\bin\verify.dll
0x0000000069e50000 - 0x0000000069e79000 	C:\Program Files\Java\jre1.8.0_121\bin\java.dll
0x0000000180000000 - 0x0000000180031000 	C:\Windows\system32\jvmhook.dll
0x000007feff130000 - 0x000007feff20a000 	C:\Windows\system32\OLEAUT32.dll
0x000007fefa130000 - 0x000007fefa161000 	C:\Windows\system32\atl110.DLL
0x000007fee5990000 - 0x000007fee5a37000 	C:\Windows\system32\MSVCP110.dll
0x000007fee2f50000 - 0x000007fee3024000 	C:\Windows\system32\MSVCR110.dll
0x0000000069e30000 - 0x0000000069e46000 	C:\Program Files\Java\jre1.8.0_121\bin\zip.dll
0x000007fefd8b0000 - 0x000007fefd8bf000 	C:\Windows\system32\profapi.dll
0x0000000069300000 - 0x000000006931a000 	C:\Program Files\Java\jre1.8.0_121\bin\net.dll
0x000007fefc8c0000 - 0x000007fefc915000 	C:\Windows\system32\mswsock.dll
0x000007fefc8b0000 - 0x000007fefc8b7000 	C:\Windows\System32\wship6.dll
0x000007fefc240000 - 0x000007fefc247000 	C:\Windows\System32\wshtcpip.dll
0x000007fefc740000 - 0x000007fefc79b000 	C:\Windows\system32\DNSAPI.dll
0x000007fefc2c0000 - 0x000007fefc2e7000 	C:\Windows\system32\IPHLPAPI.DLL
0x000007fefc2b0000 - 0x000007fefc2bb000 	C:\Windows\system32\WINNSI.DLL
0x000007fef9490000 - 0x000007fef9498000 	C:\Windows\system32\rasadhlp.dll
0x000007fefbd30000 - 0x000007fefbd83000 	C:\Windows\System32\fwpuclnt.dll
0x000007fefc920000 - 0x000007fefc938000 	C:\Windows\system32\CRYPTSP.dll
0x000007fefc620000 - 0x000007fefc667000 	C:\Windows\system32\rsaenh.dll
0x000007fefdb50000 - 0x000007fefdb6e000 	C:\Windows\system32\USERENV.dll
0x000007fefcf80000 - 0x000007fefcf8f000 	C:\Windows\system32\CRYPTBASE.dll
0x000007fef9a20000 - 0x000007fef9a31000 	C:\Windows\system32\dhcpcsvc6.DLL
0x000007fef9a40000 - 0x000007fef9a58000 	C:\Windows\system32\dhcpcsvc.DLL
0x0000000069030000 - 0x0000000069041000 	C:\Program Files\Java\jre1.8.0_121\bin\nio.dll

VM Arguments:
jvm_args: -agentlib:jvmhook -ea -Dfile.encoding=Cp1252 -Xrunjvmhook -Xbootclasspath/a:C:\Program Files (x86)\HP\Unified Functional Testing\bin\java_shared\classes;C:\Program Files (x86)\HP\Unified Functional Testing\bin\java_shared\classes\jasmine.jar 
java_command: org.testng.remote.RemoteTestNG -serport 54834 -protocol json -d C:\Users\ac12263\workspace1\CUE-RE and PR\test-output C:\Users\ac12263\AppData\Local\Temp\testng-eclipse--2028157570\testng-customsuite.xml
java_class_path (initial): C:\Softwares\eclipse 4.4.2\plugins\org.testng.eclipse_6.11.0.201703011520\lib\testng-remote.jar;C:\Users\ac12263\workspace1\CUE-RE and PR\target\test-classes;C:\Users\ac12263\workspace1\CUE-RE and PR\target\classes;C:\Users\ac12263\Downloads\Drivers_Jars\xmlbeans-2.6.0.jar;C:\Users\ac12263\Downloads\selenium-server-standalone-3.4.0.jar;C:\Softwares\eclipse 4.4.2\plugins\org.testng.eclipse_6.11.0.201703011520\lib\testng.jar;C:\Softwares\eclipse 4.4.2\plugins\org.testng.eclipse_6.11.0.201703011520\lib\jcommander.jar;C:\Softwares\eclipse 4.4.2\plugins\org.testng.eclipse_6.11.0.201703011520\lib\bsh-2.0b4.jar;C:\Softwares\eclipse 4.4.2\plugins\org.testng.eclipse_6.11.0.201703011520\lib\snakeyaml.jar;C:\Users\ac12263\.m2\repository\junit\junit\3.8.1\junit-3.8.1.jar;C:\Users\ac12263\.m2\repository\org\testng\testng\6.8\testng-6.8.jar;C:\Users\ac12263\.m2\repository\org\beanshell\bsh\2.0b4\bsh-2.0b4.jar;C:\Users\ac12263\.m2\repository\com\beust\jcommander\1.27\jcommander-1.27.jar;C:\Users\ac12263\.m2\repository\org\yaml\snakeyaml\1.6\snakeyaml-1.6.jar;C:\Users\ac12263\.m2\repository\com\relevantcodes\extentreports\2.41.2\extentreports-2.41.2.jar;C:\Users\ac12263\.m2\repository\org\jsoup\jsoup\1.8.3\jsoup-1.8.3.jar;C:\Users\ac12263\.m2\repository\org\xerial\sqlite-jdbc\3.8.11.1\sqlite-jdbc-3.8.11.1.jar;C:\Users\ac12263\.m2\repository\org\freemarker\freemarker\2.3.23\freemarker-2.3.23.jar;C:\Users\ac12263\.m2\repository\org\mongodb\mongodb-driver\3.0.4\mongodb-driver-3.0.4.jar;C:\Users\ac12263\.m2\repository\org\mongodb\bson\3.0.4\bson-3.0.4.jar;C:\Users\ac12263\.m2\repository\org\mongodb\mongodb-driver-core\3.0.4\mongodb-driver-core-3.0.4.jar;C:\Users\ac12263\.m2\repository\org\apache\poi\poi\3.16\poi-3.16.jar;C:\Users\ac12263\.m2\repository\commons-codec\commons-codec\1.10\commons-codec-1.10.jar;C:\Users\ac12263\.m2\repository\org\apache\commons\commons-collections4\4.1\commons-collections4-4.1.jar;C:\Users\ac12263\.m2\repository\org\apache\poi\
Launcher Type: SUN_STANDARD

Environment Variables:
JAVA_HOME=C:\Program Files\Java\jdk1.8.0_121
JAVA_TOOL_OPTIONS=-agentlib:jvmhook
_JAVA_OPTIONS=-Xrunjvmhook -Xbootclasspath/a:"C:\Program Files (x86)\HP\Unified Functional Testing\bin\java_shared\classes";"C:\Program Files (x86)\HP\Unified Functional Testing\bin\java_shared\classes\jasmine.jar"
PATH=C:/Program Files/Java/jre1.8.0_121/bin/server;C:/Program Files/Java/jre1.8.0_121/bin;C:/Program Files/Java/jre1.8.0_121/lib/amd64;C:\Oracle\product\11.2.0\client\bin;C:\Program Files (x86)\IBM\EHLLAPI\;C:\ProgramData\Oracle\Java\javapath;C:\Windows\system32;C:\Windows;C:\Windows\System32\Wbem;C:\Windows\System32\WindowsPowerShell\v1.0\;C:\Program Files\Citrix\System32\;C:\Program Files\Citrix\ICAService\;C:\Program Files (x86)\WinZip\;C:\Program Files\Git\cmd;C:\Program Files\nodejs\;C:\Program Files (x86)\apache-ant-1.9.2\Bin;C:\Program Files\TortoiseSVN\bin;C:\Program Files\Java\jdk1.8.0_121\bin;C:\Program Files (x86)\HP\Unified Functional Testing\bin;C:\Softwares\eclipse 4.4.2;;C:\Program Files (x86)\HP\Unified Functional Testing\\bin64
USERNAME=ac12263
OS=Windows_NT
PROCESSOR_IDENTIFIER=Intel64 Family 6 Model 45 Stepping 7, GenuineIntel



---------------  S Y S T E M  ---------------

OS: Windows 7 , 64 bit Build 7601 (6.1.7601.23714)

CPU:total 1 (1 cores per cpu, 1 threads per core) family 6 model 45 stepping 7, cmov, cx8, fxsr, mmx, sse, sse2, sse3, ssse3, sse4.1, sse4.2, popcnt, aes, clmul, tsc, tscinvbit, tscinv

Memory: 4k page, physical 6291000k(626308k free), swap 10483444k(5432k free)

vm_info: Java HotSpot(TM) 64-Bit Server VM (25.121-b13) for windows-amd64 JRE (1.8.0_121-b13), built on Dec 12 2016 18:21:36 by "java_re" with MS VC++ 10.0 (VS2010)

time: Thu Jun 15 16:07:53 2017
elapsed time: 2 seconds (0d 0h 0m 2s)

