#
# There is insufficient memory for the Java Runtime Environment to continue.
# Native memory allocation (malloc) failed to allocate 37296 bytes for Chunk::new
# Possible reasons:
#   The system is out of physical RAM or swap space
#   In 32 bit mode, the process size limit was hit
# Possible solutions:
#   Reduce memory load on the system
#   Increase physical memory or swap space
#   Check if swap backing store is full
#   Use 64 bit Java on a 64 bit OS
#   Decrease Java heap size (-Xmx/-Xms)
#   Decrease number of Java threads
#   Decrease Java thread stack sizes (-Xss)
#   Set larger code cache with -XX:ReservedCodeCacheSize=
# This output file may be truncated or incomplete.
#
#  Out of Memory Error (allocation.cpp:390), pid=72352, tid=0x0000000000012ea4
#
# JRE version: Java(TM) SE Runtime Environment (8.0_121-b13) (build 1.8.0_121-b13)
# Java VM: Java HotSpot(TM) 64-Bit Server VM (25.121-b13 mixed mode windows-amd64 compressed oops)
# Failed to write core dump. Minidumps are not enabled by default on client versions of Windows
#

---------------  T H R E A D  ---------------

Current thread (0x00000000126c8000):  JavaThread "C2 CompilerThread0" daemon [_thread_in_native, id=77476, stack(0x0000000012fb0000,0x00000000130b0000)]

Stack: [0x0000000012fb0000,0x00000000130b0000]
[error occurred during error reporting (printing stack bounds), id 0xc0000005]

Native frames: (J=compiled Java code, j=interpreted, Vv=VM code, C=native code)


Current CompileTask:
C2:  17615 1660   !   4       sun.reflect.UTF8::encode (191 bytes)


---------------  P R O C E S S  ---------------

Java Threads: ( => current thread )
  0x000000001415b000 JavaThread "Exec Stream Pumper" daemon [_thread_in_native, id=85580, stack(0x0000000016010000,0x0000000016110000)]
  0x00000000140d9800 JavaThread "Exec Stream Pumper" daemon [_thread_in_native, id=67976, stack(0x0000000015d60000,0x0000000015e60000)]
  0x000000001430f000 JavaThread "UrlChecker-2" daemon [_thread_blocked, id=56560, stack(0x0000000015e60000,0x0000000015f60000)]
  0x0000000014cb3800 JavaThread "Exec Default Executor" daemon [_thread_in_native, id=77580, stack(0x00000000134f0000,0x00000000135f0000)]
  0x0000000013e38800 JavaThread "ReaderThread" [_thread_in_native, id=81512, stack(0x0000000014390000,0x0000000014490000)]
  0x0000000012727800 JavaThread "Service Thread" daemon [_thread_blocked, id=76428, stack(0x00000000133b0000,0x00000000134b0000)]
  0x0000000012724000 JavaThread "C1 CompilerThread1" daemon [_thread_blocked, id=69332, stack(0x00000000131b0000,0x00000000132b0000)]
=>0x00000000126c8000 JavaThread "C2 CompilerThread0" daemon [_thread_in_native, id=77476, stack(0x0000000012fb0000,0x00000000130b0000)]
  0x00000000126c7000 JavaThread "Attach Listener" daemon [_thread_blocked, id=77612, stack(0x0000000012e40000,0x0000000012f40000)]
  0x00000000126cb800 JavaThread "Signal Dispatcher" daemon [_thread_blocked, id=72492, stack(0x0000000012bf0000,0x0000000012cf0000)]
  0x00000000126ab000 JavaThread "Finalizer" daemon [_thread_blocked, id=65104, stack(0x00000000127e0000,0x00000000128e0000)]
  0x000000000238e800 JavaThread "Reference Handler" daemon [_thread_blocked, id=69172, stack(0x0000000012a60000,0x0000000012b60000)]
  0x00000000022a2000 JavaThread "main" [_thread_in_vm, id=83812, stack(0x00000000023c0000,0x00000000024c0000)]

Other Threads:
  0x0000000002385800 VMThread [stack: 0x0000000012940000,0x0000000012a40000] [id=63988]
  0x0000000012740000 WatcherThread [stack: 0x0000000013610000,0x0000000013710000] [id=72204]

VM state:not at safepoint (normal execution)

VM Mutex/Monitor currently owned by a thread: None

Heap:
 def new generation   total 29568K, used 1523K [0x00000000a0000000, 0x00000000a2010000, 0x00000000c0000000)
  eden space 26304K,   5% used [0x00000000a0000000, 0x00000000a017cfe8, 0x00000000a19b0000)
  from space 3264K,   0% used [0x00000000a19b0000, 0x00000000a19b0000, 0x00000000a1ce0000)
  to   space 3264K,   0% used [0x00000000a1ce0000, 0x00000000a1ce0000, 0x00000000a2010000)
 tenured generation   total 65536K, used 11336K [0x00000000c0000000, 0x00000000c4000000, 0x0000000100000000)
   the space 65536K,  17% used [0x00000000c0000000, 0x00000000c0b12280, 0x00000000c0b12400, 0x00000000c4000000)
 Metaspace       used 21026K, capacity 21438K, committed 21632K, reserved 1069056K
  class space    used 2673K, capacity 2825K, committed 2944K, reserved 1048576K

Card table byte_map: [0x0000000011880000,0x0000000011b90000] byte_map_base: 0x0000000011380000

Polling page: 0x00000000003b0000

CodeCache: size=245760Kb used=5385Kb max_used=5385Kb free=240374Kb
 bounds [0x00000000024c0000, 0x0000000002a10000, 0x00000000114c0000]
 total_blobs=2079 nmethods=1662 adapters=331
 compilation: enabled

Compilation events (10 events):
Event: 17.539 Thread 0x0000000012724000 nmethod 1655 0x0000000002a00f90 code [0x0000000002a010e0, 0x0000000002a011f0]
Event: 17.540 Thread 0x0000000012724000 1656       1       com.google.common.collect.ImmutableEntry::getKey (5 bytes)
Event: 17.540 Thread 0x0000000012724000 nmethod 1656 0x0000000002a01250 code [0x0000000002a013a0, 0x0000000002a014b0]
Event: 17.595 Thread 0x0000000012724000 1657       3       java.util.regex.Pattern$Node::study (21 bytes)
Event: 17.596 Thread 0x0000000012724000 nmethod 1657 0x0000000002a01ad0 code [0x0000000002a01c40, 0x0000000002a01ea0]
Event: 17.596 Thread 0x0000000012724000 1658       3       java.util.regex.Pattern$Slice::match (79 bytes)
Event: 17.596 Thread 0x0000000012724000 nmethod 1658 0x0000000002a01f90 code [0x0000000002a02120, 0x0000000002a025b0]
Event: 17.597 Thread 0x0000000012724000 1659       3       java.util.Collections$UnmodifiableCollection::iterator (9 bytes)
Event: 17.597 Thread 0x0000000012724000 nmethod 1659 0x0000000002a02790 code [0x0000000002a02900, 0x0000000002a02c60]
Event: 17.598 Thread 0x00000000126c8000 1660   !   4       sun.reflect.UTF8::encode (191 bytes)

GC Heap History (6 events):
Event: 3.953 GC heap before
{Heap before GC invocations=0 (full 0):
 def new generation   total 29504K, used 26240K [0x00000000a0000000, 0x00000000a2000000, 0x00000000c0000000)
  eden space 26240K, 100% used [0x00000000a0000000, 0x00000000a19a0000, 0x00000000a19a0000)
  from space 3264K,   0% used [0x00000000a19a0000, 0x00000000a19a0000, 0x00000000a1cd0000)
  to   space 3264K,   0% used [0x00000000a1cd0000, 0x00000000a1cd0000, 0x00000000a2000000)
 tenured generation   total 65536K, used 0K [0x00000000c0000000, 0x00000000c4000000, 0x0000000100000000)
   the space 65536K,   0% used [0x00000000c0000000, 0x00000000c0000000, 0x00000000c0000200, 0x00000000c4000000)
 Metaspace       used 10559K, capacity 10706K, committed 10880K, reserved 1058816K
  class space    used 1280K, capacity 1329K, committed 1408K, reserved 1048576K
Event: 3.969 GC heap after
Heap after GC invocations=1 (full 0):
 def new generation   total 29504K, used 3264K [0x00000000a0000000, 0x00000000a2000000, 0x00000000c0000000)
  eden space 26240K,   0% used [0x00000000a0000000, 0x00000000a0000000, 0x00000000a19a0000)
  from space 3264K, 100% used [0x00000000a1cd0000, 0x00000000a2000000, 0x00000000a2000000)
  to   space 3264K,   0% used [0x00000000a19a0000, 0x00000000a19a0000, 0x00000000a1cd0000)
 tenured generation   total 65536K, used 2265K [0x00000000c0000000, 0x00000000c4000000, 0x0000000100000000)
   the space 65536K,   3% used [0x00000000c0000000, 0x00000000c02367f8, 0x00000000c0236800, 0x00000000c4000000)
 Metaspace       used 10559K, capacity 10706K, committed 10880K, reserved 1058816K
  class space    used 1280K, capacity 1329K, committed 1408K, reserved 1048576K
}
Event: 6.870 GC heap before
{Heap before GC invocations=1 (full 0):
 def new generation   total 29504K, used 29504K [0x00000000a0000000, 0x00000000a2000000, 0x00000000c0000000)
  eden space 26240K, 100% used [0x00000000a0000000, 0x00000000a19a0000, 0x00000000a19a0000)
  from space 3264K, 100% used [0x00000000a1cd0000, 0x00000000a2000000, 0x00000000a2000000)
  to   space 3264K,   0% used [0x00000000a19a0000, 0x00000000a19a0000, 0x00000000a1cd0000)
 tenured generation   total 65536K, used 2265K [0x00000000c0000000, 0x00000000c4000000, 0x0000000100000000)
   the space 65536K,   3% used [0x00000000c0000000, 0x00000000c02367f8, 0x00000000c0236800, 0x00000000c4000000)
 Metaspace       used 16871K, capacity 17238K, committed 17280K, reserved 1064960K
  class space    used 2040K, capacity 2145K, committed 2176K, reserved 1048576K
Event: 6.890 GC heap after
Heap after GC invocations=2 (full 0):
 def new generation   total 29504K, used 3264K [0x00000000a0000000, 0x00000000a2000000, 0x00000000c0000000)
  eden space 26240K,   0% used [0x00000000a0000000, 0x00000000a0000000, 0x00000000a19a0000)
  from space 3264K, 100% used [0x00000000a19a0000, 0x00000000a1cd0000, 0x00000000a1cd0000)
  to   space 3264K,   0% used [0x00000000a1cd0000, 0x00000000a1cd0000, 0x00000000a2000000)
 tenured generation   total 65536K, used 6274K [0x00000000c0000000, 0x00000000c4000000, 0x0000000100000000)
   the space 65536K,   9% used [0x00000000c0000000, 0x00000000c0620bb0, 0x00000000c0620c00, 0x00000000c4000000)
 Metaspace       used 16871K, capacity 17238K, committed 17280K, reserved 1064960K
  class space    used 2040K, capacity 2145K, committed 2176K, reserved 1048576K
}
Event: 17.378 GC heap before
{Heap before GC invocations=2 (full 0):
 def new generation   total 29504K, used 28836K [0x00000000a0000000, 0x00000000a2000000, 0x00000000c0000000)
  eden space 26240K,  97% used [0x00000000a0000000, 0x00000000a18f9208, 0x00000000a19a0000)
  from space 3264K, 100% used [0x00000000a19a0000, 0x00000000a1cd0000, 0x00000000a1cd0000)
  to   space 3264K,   0% used [0x00000000a1cd0000, 0x00000000a1cd0000, 0x00000000a2000000)
 tenured generation   total 65536K, used 6274K [0x00000000c0000000, 0x00000000c4000000, 0x0000000100000000)
   the space 65536K,   9% used [0x00000000c0000000, 0x00000000c0620bb0, 0x00000000c0620c00, 0x00000000c4000000)
 Metaspace       used 20812K, capacity 21208K, committed 21248K, reserved 1067008K
  class space    used 2637K, capacity 2792K, committed 2816K, reserved 1048576K
Event: 17.439 GC heap after
Heap after GC invocations=3 (full 1):
 def new generation   total 29568K, used 0K [0x00000000a0000000, 0x00000000a2010000, 0x00000000c0000000)
  eden space 26304K,   0% used [0x00000000a0000000, 0x00000000a0000000, 0x00000000a19b0000)
  from space 3264K,   0% used [0x00000000a19b0000, 0x00000000a19b0000, 0x00000000a1ce0000)
  to   space 3264K,   0% used [0x00000000a1ce0000, 0x00000000a1ce0000, 0x00000000a2010000)
 tenured generation   total 65536K, used 11336K [0x00000000c0000000, 0x00000000c4000000, 0x0000000100000000)
   the space 65536K,  17% used [0x00000000c0000000, 0x00000000c0b12280, 0x00000000c0b12400, 0x00000000c4000000)
 Metaspace       used 20812K, capacity 21208K, committed 21248K, reserved 1067008K
  class space    used 2637K, capacity 2792K, committed 2816K, reserved 1048576K
}

Deoptimization events (10 events):
Event: 9.440 Thread 0x00000000022a2000 Uncommon trap: reason=class_check action=maybe_recompile pc=0x000000000293489c method=java.util.regex.Matcher.search(I)Z @ 86
Event: 9.440 Thread 0x00000000022a2000 Uncommon trap: reason=class_check action=maybe_recompile pc=0x00000000028fd8f4 method=java.util.regex.Pattern$Curly.match(Ljava/util/regex/Matcher;ILjava/lang/CharSequence;)Z @ 19
Event: 9.440 Thread 0x00000000022a2000 Uncommon trap: reason=class_check action=maybe_recompile pc=0x000000000293489c method=java.util.regex.Matcher.search(I)Z @ 86
Event: 9.440 Thread 0x00000000022a2000 Uncommon trap: reason=class_check action=maybe_recompile pc=0x000000000293489c method=java.util.regex.Matcher.search(I)Z @ 86
Event: 9.440 Thread 0x00000000022a2000 Uncommon trap: reason=class_check action=maybe_recompile pc=0x00000000028fd8f4 method=java.util.regex.Pattern$Curly.match(Ljava/util/regex/Matcher;ILjava/lang/CharSequence;)Z @ 19
Event: 9.440 Thread 0x00000000022a2000 Uncommon trap: reason=class_check action=maybe_recompile pc=0x00000000028fd8f4 method=java.util.regex.Pattern$Curly.match(Ljava/util/regex/Matcher;ILjava/lang/CharSequence;)Z @ 19
Event: 9.440 Thread 0x00000000022a2000 Uncommon trap: reason=class_check action=maybe_recompile pc=0x00000000028fd8f4 method=java.util.regex.Pattern$Curly.match(Ljava/util/regex/Matcher;ILjava/lang/CharSequence;)Z @ 19
Event: 9.620 Thread 0x00000000022a2000 Uncommon trap: reason=unstable_if action=reinterpret pc=0x00000000028e3028 method=java.util.regex.Pattern$BmpCharProperty.match(Ljava/util/regex/Matcher;ILjava/lang/CharSequence;)Z @ 34
Event: 9.742 Thread 0x00000000022a2000 Uncommon trap: reason=unstable_if action=reinterpret pc=0x000000000298612c method=java.util.concurrent.ConcurrentHashMap.putVal(Ljava/lang/Object;Ljava/lang/Object;Z)Ljava/lang/Object; @ 206
Event: 17.575 Thread 0x00000000022a2000 Uncommon trap: reason=unstable_if action=reinterpret pc=0x00000000028a5f64 method=java.lang.Integer.getChars(II[C)V @ 20

Internal exceptions (10 events):
Event: 3.935 Thread 0x00000000022a2000 Exception <a 'java/lang/ClassNotFoundException': org/apache/log4j/WriterAppenderCustomizer> (0x00000000a1953f00) thrown at [C:\re\workspace\8-2-build-windows-amd64-cygwin\jdk8u121\8372\hotspot\src\share\vm\classfile\systemDictionary.cpp, line 210]
Event: 3.940 Thread 0x00000000022a2000 Exception <a 'java/lang/ClassNotFoundException': org/apache/log4j/FileAppenderCustomizer> (0x00000000a19714a8) thrown at [C:\re\workspace\8-2-build-windows-amd64-cygwin\jdk8u121\8372\hotspot\src\share\vm\classfile\systemDictionary.cpp, line 210]
Event: 3.949 Thread 0x00000000022a2000 Exception <a 'java/lang/ClassNotFoundException': org/apache/log4j/RollingFileAppenderCustomizer> (0x00000000a1990788) thrown at [C:\re\workspace\8-2-build-windows-amd64-cygwin\jdk8u121\8372\hotspot\src\share\vm\classfile\systemDictionary.cpp, line 210]
Event: 4.340 Thread 0x00000000022a2000 Implicit null exception at 0x000000000272ecd6 to 0x000000000272f065
Event: 6.100 Thread 0x00000000022a2000 Exception <a 'java/lang/NoSuchFieldError': method resolution failed> (0x00000000a15596d0) thrown at [C:\re\workspace\8-2-build-windows-amd64-cygwin\jdk8u121\8372\hotspot\src\share\vm\prims\methodHandles.cpp, line 1146]
Event: 6.117 Thread 0x00000000022a2000 Exception <a 'java/lang/NoSuchFieldError': method resolution failed> (0x00000000a1566d90) thrown at [C:\re\workspace\8-2-build-windows-amd64-cygwin\jdk8u121\8372\hotspot\src\share\vm\prims\methodHandles.cpp, line 1146]
Event: 8.872 Thread 0x000000001430f000 Exception <a 'java/net/SocketTimeoutException': connect timed out> (0x00000000a0de0010) thrown at [C:\re\workspace\8-2-build-windows-amd64-cygwin\jdk8u121\8372\hotspot\src\share\vm\prims\jni.cpp, line 735]
Event: 8.936 Thread 0x00000000022a2000 Exception <a 'java/lang/IncompatibleClassChangeError': Found class java.lang.Object, but interface was expected> (0x00000000a0eb6f70) thrown at [C:\re\workspace\8-2-build-windows-amd64-cygwin\jdk8u121\8372\hotspot\src\share\vm\interpreter\linkResolver.cpp
Event: 8.941 Thread 0x00000000022a2000 Exception <a 'java/lang/NoSuchMethodError': java.lang.Object.lambda$or$2(Ljava/util/function/Predicate;Ljava/lang/Object;)Z> (0x00000000a0ec4c18) thrown at [C:\re\workspace\8-2-build-windows-amd64-cygwin\jdk8u121\8372\hotspot\src\share\vm\interpreter\link
Event: 9.352 Thread 0x00000000022a2000 Exception <a 'java/lang/IncompatibleClassChangeError': Found class java.lang.Object, but interface was expected> (0x00000000a11534d8) thrown at [C:\re\workspace\8-2-build-windows-amd64-cygwin\jdk8u121\8372\hotspot\src\share\vm\interpreter\linkResolver.cpp

Events (10 events):
Event: 17.590 loading class org/testng/internal/reflect/InjectableParameter$Assistant
Event: 17.590 loading class org/testng/internal/reflect/InjectableParameter$Assistant done
Event: 17.591 loading class org/testng/internal/reflect/InjectableParameter
Event: 17.591 loading class org/testng/internal/reflect/InjectableParameter done
Event: 17.592 loading class org/testng/internal/reflect/ReflectionRecipes$ListBackedImmutableQueue
Event: 17.592 loading class org/testng/internal/reflect/ReflectionRecipes$ListBackedImmutableQueue done
Event: 17.592 loading class org/testng/remote/strprotocol/TestResultMessage
Event: 17.593 loading class org/testng/remote/strprotocol/TestResultMessage done
Event: 17.594 loading class org/testng/remote/strprotocol/MessageHelper
Event: 17.594 loading class org/testng/remote/strprotocol/MessageHelper done


Dynamic libraries:
0x000000013f9d0000 - 0x000000013fa07000 	C:\Program Files\Java\jre1.8.0_121\bin\javaw.exe
0x0000000077bc0000 - 0x0000000077d6a000 	C:\Windows\SYSTEM32\ntdll.dll
0x0000000077aa0000 - 0x0000000077bbf000 	C:\Windows\system32\kernel32.dll
0x000007fefdbf0000 - 0x000007fefdc5a000 	C:\Windows\system32\KERNELBASE.dll
0x000007feffd70000 - 0x000007feffe4b000 	C:\Windows\system32\ADVAPI32.dll
0x000007fefebd0000 - 0x000007fefec6f000 	C:\Windows\system32\msvcrt.dll
0x000007feff400000 - 0x000007feff41f000 	C:\Windows\SYSTEM32\sechost.dll
0x000007feff420000 - 0x000007feff54d000 	C:\Windows\system32\RPCRT4.dll
0x00000000779a0000 - 0x0000000077a9a000 	C:\Windows\system32\USER32.dll
0x000007fefef40000 - 0x000007fefefa7000 	C:\Windows\system32\GDI32.dll
0x000007feff900000 - 0x000007feff90e000 	C:\Windows\system32\LPK.dll
0x000007feffb10000 - 0x000007feffbda000 	C:\Windows\system32\USP10.dll
0x000007fefbe50000 - 0x000007fefc044000 	C:\Windows\WinSxS\amd64_microsoft.windows.common-controls_6595b64144ccf1df_6.0.7601.18837_none_fa3b1e3d17594757\COMCTL32.dll
0x000007feffe50000 - 0x000007feffec1000 	C:\Windows\system32\SHLWAPI.dll
0x000007fefeba0000 - 0x000007fefebce000 	C:\Windows\system32\IMM32.DLL
0x000007feff020000 - 0x000007feff129000 	C:\Windows\system32\MSCTF.dll
0x0000000075590000 - 0x000000007562b000 	C:\Windows\system32\lsihok64.dll
0x000007fefd7c0000 - 0x000007fefd81c000 	C:\PROGRA~1\Citrix\System32\MFAPHOOK64.DLL
0x000007fefd6e0000 - 0x000007fefd712000 	C:\Program Files\Citrix\ICAService\picaFullScreenHookX64.dll
0x000007fefcff0000 - 0x000007fefd026000 	C:\Program Files\Citrix\ICAService\ShellHook64.dll
0x000007feff910000 - 0x000007feffb0c000 	C:\Windows\system32\ole32.dll
0x000007fefde10000 - 0x000007fefeb99000 	C:\Windows\system32\SHELL32.dll
0x000007fefd560000 - 0x000007fefd6d8000 	C:\Program Files\Citrix\ICAService\SCardHook64.dll
0x000007fefd530000 - 0x000007fefd55a000 	C:\Program Files\Citrix\ICAService\cxinjime64.dll
0x000007fefd4e0000 - 0x000007fefd52d000 	C:\Program Files\Citrix\ICAService\PicaWtsHook64.dll
0x0000000078cd0000 - 0x0000000078da2000 	C:\Program Files\Java\jre1.8.0_121\bin\msvcr100.dll
0x000000006f980000 - 0x000000007021b000 	C:\Program Files\Java\jre1.8.0_121\bin\server\jvm.dll
0x000007fef0c10000 - 0x000007fef0c19000 	C:\Windows\system32\WSOCK32.dll
0x000007fefefd0000 - 0x000007feff01d000 	C:\Windows\system32\WS2_32.dll
0x000007feff210000 - 0x000007feff218000 	C:\Windows\system32\NSI.dll
0x000007fefc270000 - 0x000007fefc2ab000 	C:\Windows\system32\WINMM.dll
0x000007fefd4b0000 - 0x000007fefd4bc000 	C:\Windows\system32\VERSION.dll
0x0000000077d90000 - 0x0000000077d97000 	C:\Windows\system32\PSAPI.DLL
0x0000000075380000 - 0x000000007538f000 	C:\Program Files\Java\jre1.8.0_121\bin\verify.dll
0x0000000069e50000 - 0x0000000069e79000 	C:\Program Files\Java\jre1.8.0_121\bin\java.dll
0x0000000180000000 - 0x0000000180031000 	C:\Windows\system32\jvmhook.dll
0x000007feff130000 - 0x000007feff20a000 	C:\Windows\system32\OLEAUT32.dll
0x000007fefa130000 - 0x000007fefa161000 	C:\Windows\system32\atl110.DLL
0x000007fee5990000 - 0x000007fee5a37000 	C:\Windows\system32\MSVCP110.dll
0x000007fee2f50000 - 0x000007fee3024000 	C:\Windows\system32\MSVCR110.dll
0x0000000069e30000 - 0x0000000069e46000 	C:\Program Files\Java\jre1.8.0_121\bin\zip.dll
0x000007fefd8b0000 - 0x000007fefd8bf000 	C:\Windows\system32\profapi.dll
0x0000000069300000 - 0x000000006931a000 	C:\Program Files\Java\jre1.8.0_121\bin\net.dll
0x000007fefc8c0000 - 0x000007fefc915000 	C:\Windows\system32\mswsock.dll
0x000007fefc8b0000 - 0x000007fefc8b7000 	C:\Windows\System32\wship6.dll
0x000007fefc240000 - 0x000007fefc247000 	C:\Windows\System32\wshtcpip.dll
0x000007fefc740000 - 0x000007fefc79b000 	C:\Windows\system32\DNSAPI.dll
0x000007fefc2c0000 - 0x000007fefc2e7000 	C:\Windows\system32\IPHLPAPI.DLL
0x000007fefc2b0000 - 0x000007fefc2bb000 	C:\Windows\system32\WINNSI.DLL
0x000007fef9490000 - 0x000007fef9498000 	C:\Windows\system32\rasadhlp.dll
0x000007fefbd30000 - 0x000007fefbd83000 	C:\Windows\System32\fwpuclnt.dll
0x000007fefc920000 - 0x000007fefc938000 	C:\Windows\system32\CRYPTSP.dll
0x000007fefc620000 - 0x000007fefc667000 	C:\Windows\system32\rsaenh.dll
0x000007fefdb50000 - 0x000007fefdb6e000 	C:\Windows\system32\USERENV.dll
0x000007fefcf80000 - 0x000007fefcf8f000 	C:\Windows\system32\CRYPTBASE.dll
0x000007fef9a20000 - 0x000007fef9a31000 	C:\Windows\system32\dhcpcsvc6.DLL
0x000007fef9a40000 - 0x000007fef9a58000 	C:\Windows\system32\dhcpcsvc.DLL
0x0000000069030000 - 0x0000000069041000 	C:\Program Files\Java\jre1.8.0_121\bin\nio.dll
0x0000000070cd0000 - 0x0000000070cf4000 	C:\Program Files\Java\jre1.8.0_121\bin\sunec.dll
0x000007fefcf20000 - 0x000007fefcf77000 	C:\Windows\system32\apphelp.dll

VM Arguments:
jvm_args: -agentlib:jvmhook -ea -Dfile.encoding=Cp1252 -Xrunjvmhook -Xbootclasspath/a:C:\Program Files (x86)\HP\Unified Functional Testing\bin\java_shared\classes;C:\Program Files (x86)\HP\Unified Functional Testing\bin\java_shared\classes\jasmine.jar 
java_command: org.testng.remote.RemoteTestNG -serport 54695 -protocol json -d C:\Users\ac12263\workspace1\CUE-RE and PR\test-output C:\Users\ac12263\AppData\Local\Temp\testng-eclipse--149702882\testng-customsuite.xml
java_class_path (initial): C:\Softwares\eclipse 4.4.2\plugins\org.testng.eclipse_6.11.0.201703011520\lib\testng-remote.jar;C:\Users\ac12263\workspace1\CUE-RE and PR\target\test-classes;C:\Users\ac12263\workspace1\CUE-RE and PR\target\classes;C:\Users\ac12263\Downloads\Drivers_Jars\xmlbeans-2.6.0.jar;C:\Users\ac12263\Downloads\selenium-server-standalone-3.4.0.jar;C:\Softwares\eclipse 4.4.2\plugins\org.testng.eclipse_6.11.0.201703011520\lib\testng.jar;C:\Softwares\eclipse 4.4.2\plugins\org.testng.eclipse_6.11.0.201703011520\lib\jcommander.jar;C:\Softwares\eclipse 4.4.2\plugins\org.testng.eclipse_6.11.0.201703011520\lib\bsh-2.0b4.jar;C:\Softwares\eclipse 4.4.2\plugins\org.testng.eclipse_6.11.0.201703011520\lib\snakeyaml.jar;C:\Users\ac12263\.m2\repository\junit\junit\3.8.1\junit-3.8.1.jar;C:\Users\ac12263\.m2\repository\org\testng\testng\6.8\testng-6.8.jar;C:\Users\ac12263\.m2\repository\org\beanshell\bsh\2.0b4\bsh-2.0b4.jar;C:\Users\ac12263\.m2\repository\com\beust\jcommander\1.27\jcommander-1.27.jar;C:\Users\ac12263\.m2\repository\org\yaml\snakeyaml\1.6\snakeyaml-1.6.jar;C:\Users\ac12263\.m2\repository\com\relevantcodes\extentreports\2.41.2\extentreports-2.41.2.jar;C:\Users\ac12263\.m2\repository\org\jsoup\jsoup\1.8.3\jsoup-1.8.3.jar;C:\Users\ac12263\.m2\repository\org\xerial\sqlite-jdbc\3.8.11.1\sqlite-jdbc-3.8.11.1.jar;C:\Users\ac12263\.m2\repository\org\freemarker\freemarker\2.3.23\freemarker-2.3.23.jar;C:\Users\ac12263\.m2\repository\org\mongodb\mongodb-driver\3.0.4\mongodb-driver-3.0.4.jar;C:\Users\ac12263\.m2\repository\org\mongodb\bson\3.0.4\bson-3.0.4.jar;C:\Users\ac12263\.m2\repository\org\mongodb\mongodb-driver-core\3.0.4\mongodb-driver-core-3.0.4.jar;C:\Users\ac12263\.m2\repository\org\apache\poi\poi\3.16\poi-3.16.jar;C:\Users\ac12263\.m2\repository\commons-codec\commons-codec\1.10\commons-codec-1.10.jar;C:\Users\ac12263\.m2\repository\org\apache\commons\commons-collections4\4.1\commons-collections4-4.1.jar;C:\Users\ac12263\.m2\repository\org\apache\poi\
Launcher Type: SUN_STANDARD

Environment Variables:
JAVA_HOME=C:\Program Files\Java\jdk1.8.0_121
JAVA_TOOL_OPTIONS=-agentlib:jvmhook
_JAVA_OPTIONS=-Xrunjvmhook -Xbootclasspath/a:"C:\Program Files (x86)\HP\Unified Functional Testing\bin\java_shared\classes";"C:\Program Files (x86)\HP\Unified Functional Testing\bin\java_shared\classes\jasmine.jar"
PATH=C:/Program Files/Java/jre1.8.0_121/bin/server;C:/Program Files/Java/jre1.8.0_121/bin;C:/Program Files/Java/jre1.8.0_121/lib/amd64;C:\Oracle\product\11.2.0\client\bin;C:\Program Files (x86)\IBM\EHLLAPI\;C:\ProgramData\Oracle\Java\javapath;C:\Windows\system32;C:\Windows;C:\Windows\System32\Wbem;C:\Windows\System32\WindowsPowerShell\v1.0\;C:\Program Files\Citrix\System32\;C:\Program Files\Citrix\ICAService\;C:\Program Files (x86)\WinZip\;C:\Program Files\Git\cmd;C:\Program Files\nodejs\;C:\Program Files (x86)\apache-ant-1.9.2\Bin;C:\Program Files\TortoiseSVN\bin;C:\Program Files\Java\jdk1.8.0_121\bin;C:\Program Files (x86)\HP\Unified Functional Testing\bin;C:\Softwares\eclipse 4.4.2;;C:\Program Files (x86)\HP\Unified Functional Testing\\bin64
USERNAME=ac12263
OS=Windows_NT
PROCESSOR_IDENTIFIER=Intel64 Family 6 Model 45 Stepping 7, GenuineIntel



---------------  S Y S T E M  ---------------

OS: Windows 7 , 64 bit Build 7601 (6.1.7601.23714)

CPU:total 1 (1 cores per cpu, 1 threads per core) family 6 model 45 stepping 7, cmov, cx8, fxsr, mmx, sse, sse2, sse3, ssse3, sse4.1, sse4.2, popcnt, aes, clmul, tsc, tscinvbit, tscinv

Memory: 4k page, physical 6291000k(591832k free), swap 10483444k(5124k free)

vm_info: Java HotSpot(TM) 64-Bit Server VM (25.121-b13) for windows-amd64 JRE (1.8.0_121-b13), built on Dec 12 2016 18:21:36 by "java_re" with MS VC++ 10.0 (VS2010)

time: Thu Jun 15 16:06:37 2017
elapsed time: 17 seconds (0d 0h 0m 17s)

